<?xml version="1.0" encoding="UTF-8"?>
<!-- Generated by org.testng.reporters.JUnitXMLReporter -->
<testsuite hostname="sashas_pc" failures="0" tests="5" name="testActions" time="82.583" errors="0" timestamp="13 Jun 2018 06:33:25 GMT">
  <testcase classname="com.tat.barannik.hw13.ActionsTest" name="testCheckBoxRadio" time="7.701"/>
  <testcase classname="com.tat.barannik.hw13.ActionsTest" name="testDragAndDropSmallSquare" time="14.071"/>
  <testcase classname="com.tat.barannik.hw13.ActionsTest" name="testSelectMenu" time="4.571"/>
  <testcase classname="com.tat.barannik.hw13.ActionsTest" name="testSetFive" time="2.292"/>
  <testcase classname="com.tat.barannik.hw13.ActionsTest" name="testTooltip" time="2.153"/>
</testsuite> <!-- testActions -->
