<?xml version="1.0" encoding="UTF-8"?>
<!-- Generated by org.testng.reporters.JUnitXMLReporter -->
<testsuite hostname="sashas_pc" failures="0" tests="6" name="testIsPositiveOrNegative" time="0.128" errors="0" timestamp="10 Jun 2018 20:27:15 GMT">
  <testcase classname="com.tat.barannik.hw10.IsPositiveOrNegativeTest" name="testIsNegative" time="0.005"/>
  <testcase classname="com.tat.barannik.hw10.IsPositiveOrNegativeTest" name="testIsNegative" time="0.001"/>
  <testcase classname="com.tat.barannik.hw10.IsPositiveOrNegativeTest" name="testIsNegative" time="0.0"/>
  <testcase classname="com.tat.barannik.hw10.IsPositiveOrNegativeTest" name="testIsPositive" time="0.001"/>
  <testcase classname="com.tat.barannik.hw10.IsPositiveOrNegativeTest" name="testIsPositive" time="0.001"/>
  <testcase classname="com.tat.barannik.hw10.IsPositiveOrNegativeTest" name="testIsPositive" time="0.001"/>
</testsuite> <!-- testIsPositiveOrNegative -->
