<?xml version="1.0" encoding="UTF-8"?>
<testng-results total="1" passed="1" failed="0" skipped="0">
  <reporter-output>
  </reporter-output>
  <suite started-at="2018-08-26T17:22:41Z" name="gmailTestSuite" finished-at="2018-08-26T17:23:02Z" duration-ms="21532">
    <groups>
    </groups>
    <test started-at="2018-08-26T17:22:41Z" name="gmailTestSuite" finished-at="2018-08-26T17:23:02Z" duration-ms="21532">
      <class name="gmail.com.tests.GmailTest">
        <test-method is-config="true" signature="setUp()[pri:0, instance:gmail.com.tests.GmailTest@2e005c4b]" started-at="2018-08-26T20:22:41Z" name="setUp" finished-at="2018-08-26T20:22:47Z" duration-ms="5993" status="PASS">
          <reporter-output>
          </reporter-output>
        </test-method> <!-- setUp -->
        <test-method is-config="true" signature="login()[pri:0, instance:gmail.com.tests.GmailTest@2e005c4b]" started-at="2018-08-26T20:22:47Z" name="login" finished-at="2018-08-26T20:22:48Z" duration-ms="1679" status="PASS">
          <reporter-output>
          </reporter-output>
        </test-method> <!-- login -->
        <test-method signature="testEmailWasDelivered()[pri:0, instance:gmail.com.tests.GmailTest@2e005c4b]" started-at="2018-08-26T20:22:48Z" name="testEmailWasDelivered" finished-at="2018-08-26T20:23:01Z" duration-ms="12906" status="PASS">
          <reporter-output>
          </reporter-output>
        </test-method> <!-- testEmailWasDelivered -->
        <test-method is-config="true" signature="tearDown()[pri:0, instance:gmail.com.tests.GmailTest@2e005c4b]" started-at="2018-08-26T20:23:01Z" name="tearDown" finished-at="2018-08-26T20:23:02Z" duration-ms="939" status="PASS">
          <reporter-output>
          </reporter-output>
        </test-method> <!-- tearDown -->
      </class> <!-- gmail.com.tests.GmailTest -->
    </test> <!-- gmailTestSuite -->
  </suite> <!-- gmailTestSuite -->
</testng-results>
