<?xml version="1.0" encoding="UTF-8"?>
<!-- Generated by org.testng.reporters.JUnitXMLReporter -->
<testsuite hostname="sashas_pc" failures="0" tests="3" name="testIsPositive" time="0.102" errors="0" timestamp="13 Jun 2018 06:32:02 GMT">
  <testcase classname="com.tat.barannik.hw10.IsPositiveTest" name="testIsPositive" time="0.007"/>
  <testcase classname="com.tat.barannik.hw10.IsPositiveTest" name="testIsPositive" time="0.0"/>
  <testcase classname="com.tat.barannik.hw10.IsPositiveTest" name="testIsPositive" time="0.001"/>
</testsuite> <!-- testIsPositive -->
