<?xml version="1.0" encoding="UTF-8"?>
<!-- Generated by org.testng.reporters.JUnitXMLReporter -->
<testsuite hostname="sashas_pc" failures="0" tests="4" name="testMail" time="14.536" errors="0" timestamp="13 Jun 2018 06:33:40 GMT">
  <testcase classname="com.tat.barannik.hw12.PageObject.MailTest" name="@BeforeMethod login" time="0.0">
    <failure type="java.lang.NullPointerException">
      <![CDATA[java.lang.NullPointerException
	at com.google.common.base.Preconditions.checkNotNull(Preconditions.java:882)
	at org.openqa.selenium.support.ui.FluentWait.<init>(FluentWait.java:104)
	at org.openqa.selenium.support.ui.WebDriverWait.<init>(WebDriverWait.java:71)
	at org.openqa.selenium.support.ui.WebDriverWait.<init>(WebDriverWait.java:45)
	at com.tat.barannik.hw12.PageObject.BasePage.<init>(BasePage.java:11)
	at com.tat.barannik.hw12.PageObject.LoginPage.<init>(LoginPage.java:14)
	at com.tat.barannik.hw12.PageObject.MailTest.login(MailTest.java:23)
... Removed 32 stack frames]]>
    </failure>
  </testcase> <!-- @BeforeMethod login -->
  <testcase classname="com.tat.barannik.hw12.PageObject.MailTest" name="@BeforeMethod login" time="0.0">
    <skipped/>
  </testcase> <!-- @BeforeMethod login -->
  <testcase classname="com.tat.barannik.hw12.PageObject.MailTest" name="@BeforeMethod login" time="0.0">
    <skipped/>
  </testcase> <!-- @BeforeMethod login -->
  <testcase classname="com.tat.barannik.hw12.PageObject.MailTest" name="@BeforeMethod login" time="0.0">
    <skipped/>
  </testcase> <!-- @BeforeMethod login -->
  <testcase classname="com.tat.barannik.hw12.PageObject.MailTest" name="@AfterClass tearDoun" time="0.0">
    <skipped/>
  </testcase> <!-- @AfterClass tearDoun -->
  <testcase classname="com.tat.barannik.hw12.PageObject.MailTest" name="testLogOut" time="0.0">
    <skipped/>
  </testcase> <!-- testLogOut -->
  <testcase classname="com.tat.barannik.hw12.PageObject.MailTest" name="testLogin" time="0.001">
    <skipped/>
  </testcase> <!-- testLogin -->
  <testcase classname="com.tat.barannik.hw12.PageObject.MailTest" name="testSaveMailAsDraft" time="0.001">
    <skipped/>
  </testcase> <!-- testSaveMailAsDraft -->
  <testcase classname="com.tat.barannik.hw12.PageObject.MailTest" name="testSendMail" time="0.001">
    <skipped/>
  </testcase> <!-- testSendMail -->
</testsuite> <!-- testMail -->
